{"level":"info","message":"All services initialized successfully","timestamp":"2025-08-26T16:03:54.665Z"}
{"level":"info","message":"APK Security Scanner running on port 3000","timestamp":"2025-08-26T16:03:54.674Z"}
{"level":"info","message":"Environment: development","timestamp":"2025-08-26T16:03:54.675Z"}
{"level":"info","message":"Starting APK scan - ID: b1552f7c-3178-45ec-ae9e-2e0c140311d2, File: com.google.android.apps.youtube.music_2.11.57-21157310_minAPI16(armeabi)(nodpi)_apkmirror.com.apk","timestamp":"2025-08-26T16:15:28.351Z"}
{"level":"info","message":"b1552f7c-3178-45ec-ae9e-2e0c140311d2: Starting basic APK analysis","timestamp":"2025-08-26T16:15:28.352Z"}
{"level":"info","message":"All services initialized successfully","timestamp":"2025-08-26T16:23:54.751Z"}
{"level":"info","message":"APK Security Scanner running on port 3000","timestamp":"2025-08-26T16:23:54.757Z"}
{"level":"info","message":"Environment: development","timestamp":"2025-08-26T16:23:54.758Z"}
{"level":"info","message":"All services initialized successfully","timestamp":"2025-08-26T16:27:43.392Z"}
{"level":"info","message":"APK Security Scanner running on port 3000","timestamp":"2025-08-26T16:27:43.399Z"}
{"level":"info","message":"Environment: development","timestamp":"2025-08-26T16:27:43.400Z"}
{"level":"info","message":"Starting APK scan - ID: 06ba03a2-a723-41cb-bea8-30e5fd5763a1, File: com.google.android.apps.youtube.music_2.11.57-21157310_minAPI16(armeabi)(nodpi)_apkmirror.com.apk","timestamp":"2025-08-26T16:27:55.764Z"}
{"level":"info","message":"06ba03a2-a723-41cb-bea8-30e5fd5763a1: Starting basic APK analysis","timestamp":"2025-08-26T16:27:55.764Z"}
{"level":"info","message":"All services initialized successfully","timestamp":"2025-08-26T16:29:42.498Z"}
{"level":"info","message":"APK Security Scanner running on port 3000","timestamp":"2025-08-26T16:29:42.518Z"}
{"level":"info","message":"Environment: development","timestamp":"2025-08-26T16:29:42.519Z"}
{"level":"info","message":"Starting APK scan - ID: 523f61e0-bcb3-44a5-9c0d-9bfcaa41dbbc, File: com.google.android.apps.youtube.music_2.11.57-21157310_minAPI16(armeabi)(nodpi)_apkmirror.com.apk","timestamp":"2025-08-26T16:29:45.954Z"}
{"level":"info","message":"523f61e0-bcb3-44a5-9c0d-9bfcaa41dbbc: Starting basic APK analysis","timestamp":"2025-08-26T16:29:45.954Z"}
{"level":"info","message":"All services initialized successfully","timestamp":"2025-08-26T16:31:11.693Z"}
{"level":"info","message":"APK Security Scanner running on port 3000","timestamp":"2025-08-26T16:31:11.698Z"}
{"level":"info","message":"Environment: development","timestamp":"2025-08-26T16:31:11.699Z"}
{"level":"info","message":"Starting APK scan - ID: 0c734b9a-3bb6-48ae-9f66-0d7f998f5ae4, File: com.google.android.apps.youtube.music_2.11.57-21157310_minAPI16(armeabi)(nodpi)_apkmirror.com.apk","timestamp":"2025-08-26T16:31:12.030Z"}
{"level":"info","message":"0c734b9a-3bb6-48ae-9f66-0d7f998f5ae4: Starting basic APK analysis","timestamp":"2025-08-26T16:31:12.030Z"}
{"level":"info","message":"Starting APK scan - ID: 542ff8ec-bbad-4212-9681-ac8e4142dbc1, File: com.google.android.apps.youtube.music_2.11.57-21157310_minAPI16(armeabi)(nodpi)_apkmirror.com.apk","timestamp":"2025-08-26T16:31:15.617Z"}
{"level":"info","message":"542ff8ec-bbad-4212-9681-ac8e4142dbc1: Starting basic APK analysis","timestamp":"2025-08-26T16:31:15.618Z"}
{"level":"info","message":"All services initialized successfully","timestamp":"2025-08-26T16:51:48.263Z"}
{"level":"info","message":"APK Security Scanner running on port 3000","timestamp":"2025-08-26T16:51:48.272Z"}
{"level":"info","message":"Environment: development","timestamp":"2025-08-26T16:51:48.273Z"}
{"level":"info","message":"Starting APK scan - ID: d6cbb425-3b19-4f8c-8c80-8f8f2c1af634, File: com.google.android.apps.youtube.music_2.11.57-21157310_minAPI16(armeabi)(nodpi)_apkmirror.com.apk","timestamp":"2025-08-26T16:51:48.647Z"}
{"level":"info","message":"d6cbb425-3b19-4f8c-8c80-8f8f2c1af634: Starting basic APK analysis","timestamp":"2025-08-26T16:51:48.648Z"}
{"level":"info","message":"All services initialized successfully","timestamp":"2025-08-26T16:52:05.188Z"}
{"level":"info","message":"APK Security Scanner running on port 3000","timestamp":"2025-08-26T16:52:05.197Z"}
{"level":"info","message":"Environment: development","timestamp":"2025-08-26T16:52:05.198Z"}
{"level":"info","message":"All services initialized successfully","timestamp":"2025-08-26T16:52:08.498Z"}
{"level":"info","message":"APK Security Scanner running on port 3000","timestamp":"2025-08-26T16:52:08.503Z"}
{"level":"info","message":"Environment: development","timestamp":"2025-08-26T16:52:08.506Z"}
{"level":"info","message":"All services initialized successfully","timestamp":"2025-08-26T16:52:29.703Z"}
{"level":"info","message":"APK Security Scanner running on port 3000","timestamp":"2025-08-26T16:52:29.709Z"}
{"level":"info","message":"Environment: development","timestamp":"2025-08-26T16:52:29.710Z"}
{"level":"info","message":"All services initialized successfully","timestamp":"2025-08-26T16:52:39.052Z"}
{"level":"info","message":"APK Security Scanner running on port 3000","timestamp":"2025-08-26T16:52:39.062Z"}
{"level":"info","message":"Environment: development","timestamp":"2025-08-26T16:52:39.064Z"}
{"level":"info","message":"All services initialized successfully","timestamp":"2025-08-26T16:52:50.095Z"}
{"level":"info","message":"APK Security Scanner running on port 3000","timestamp":"2025-08-26T16:52:50.103Z"}
{"level":"info","message":"Environment: development","timestamp":"2025-08-26T16:52:50.105Z"}
{"level":"info","message":"All services initialized successfully","timestamp":"2025-08-26T16:53:15.367Z"}
{"level":"info","message":"APK Security Scanner running on port 3000","timestamp":"2025-08-26T16:53:15.375Z"}
{"level":"info","message":"Environment: development","timestamp":"2025-08-26T16:53:15.376Z"}
{"level":"info","message":"Starting APK scan - ID: a8a8a881-da33-443c-9535-f49f1a51db4a, File: com.google.android.apps.youtube.music_2.11.57-21157310_minAPI16(armeabi)(nodpi)_apkmirror.com.apk","timestamp":"2025-08-26T16:53:23.277Z"}
{"level":"info","message":"a8a8a881-da33-443c-9535-f49f1a51db4a: Starting basic APK analysis","timestamp":"2025-08-26T16:53:23.278Z"}
{"level":"info","message":"All services initialized successfully","timestamp":"2025-08-26T16:53:54.489Z"}
{"level":"info","message":"APK Security Scanner running on port 3000","timestamp":"2025-08-26T16:53:54.506Z"}
{"level":"info","message":"Environment: development","timestamp":"2025-08-26T16:53:54.507Z"}
{"level":"info","message":"Starting APK scan - ID: 2c296b32-d06a-4d28-93fd-e361f18c52e9, File: com.google.android.apps.youtube.music_2.11.57-21157310_minAPI16(armeabi)(nodpi)_apkmirror.com.apk","timestamp":"2025-08-26T16:54:01.028Z"}
{"level":"info","message":"2c296b32-d06a-4d28-93fd-e361f18c52e9: Starting basic APK analysis","timestamp":"2025-08-26T16:54:01.028Z"}
{"level":"info","message":"All services initialized successfully","timestamp":"2025-08-26T16:54:51.123Z"}
{"level":"info","message":"APK Security Scanner running on port 3000","timestamp":"2025-08-26T16:54:51.134Z"}
{"level":"info","message":"Environment: development","timestamp":"2025-08-26T16:54:51.135Z"}
{"level":"info","message":"Starting APK scan - ID: 04f68639-dd58-4b70-b06b-a198c28eda0a, File: com.google.android.apps.youtube.music_2.11.57-21157310_minAPI16(armeabi)(nodpi)_apkmirror.com.apk","timestamp":"2025-08-26T16:54:54.174Z"}
{"level":"info","message":"04f68639-dd58-4b70-b06b-a198c28eda0a: Starting basic APK analysis","timestamp":"2025-08-26T16:54:54.175Z"}
{"level":"info","message":"All services initialized successfully","timestamp":"2025-08-26T16:55:13.887Z"}
{"level":"info","message":"APK Security Scanner running on port 3000","timestamp":"2025-08-26T16:55:13.903Z"}
{"level":"info","message":"Environment: development","timestamp":"2025-08-26T16:55:13.904Z"}
{"level":"info","message":"Starting APK scan - ID: f84f3cc2-bcaf-4155-97d4-6b81fbddb052, File: com.google.android.apps.youtube.music_2.11.57-21157310_minAPI16(armeabi)(nodpi)_apkmirror.com.apk","timestamp":"2025-08-26T16:55:14.487Z"}
{"level":"info","message":"f84f3cc2-bcaf-4155-97d4-6b81fbddb052: Starting basic APK analysis","timestamp":"2025-08-26T16:55:14.488Z"}
{"level":"info","message":"All services initialized successfully","timestamp":"2025-08-26T16:55:33.938Z"}
{"level":"info","message":"APK Security Scanner running on port 3000","timestamp":"2025-08-26T16:55:33.945Z"}
{"level":"info","message":"Environment: development","timestamp":"2025-08-26T16:55:33.945Z"}
{"level":"info","message":"Starting APK scan - ID: 0eb43caa-e006-488d-ab20-d8c267c06357, File: com.google.android.apps.youtube.music_2.11.57-21157310_minAPI16(armeabi)(nodpi)_apkmirror.com.apk","timestamp":"2025-08-26T16:55:40.454Z"}
{"level":"info","message":"0eb43caa-e006-488d-ab20-d8c267c06357: Starting basic APK analysis","timestamp":"2025-08-26T16:55:40.454Z"}
{"level":"info","message":"All services initialized successfully","timestamp":"2025-08-26T16:56:40.961Z"}
{"level":"info","message":"APK Security Scanner running on port 3000","timestamp":"2025-08-26T16:56:40.968Z"}
{"level":"info","message":"Environment: development","timestamp":"2025-08-26T16:56:40.970Z"}
{"level":"info","message":"Starting APK scan - ID: c5c62efc-f241-41fd-b0e5-148610bcdbea, File: com.google.android.apps.youtube.music_2.11.57-21157310_minAPI16(armeabi)(nodpi)_apkmirror.com.apk","timestamp":"2025-08-26T16:56:41.193Z"}
{"level":"info","message":"c5c62efc-f241-41fd-b0e5-148610bcdbea: Starting basic APK analysis","timestamp":"2025-08-26T16:56:41.194Z"}
